2024-09-03 19:21:14,143 NEW LOG
2024-09-03 19:21:14,143 lowest index: 3
2024-09-03 19:21:14,144 i: 0
2024-09-03 19:21:14,144 n: 9
2024-09-03 19:21:14,144 before: [5, 3, 2, 1, 8, 10, 11, 9, 23]
2024-09-03 19:21:14,144 first: [5, 3, 2, 5, 8, 10, 11, 9, 23]
2024-09-03 19:21:14,145 final: [5, 3, 2, 5, 8, 10, 11, 9, 23]
2024-09-03 19:21:14,145 lowest index: 2
2024-09-03 19:21:14,145 i: 1
2024-09-03 19:21:14,145 n: 8
2024-09-03 19:21:14,145 before: [5, 3, 2, 5, 8, 10, 11, 9, 23]
2024-09-03 19:21:14,145 first: [5, 3, 3, 5, 8, 10, 11, 9, 23]
2024-09-03 19:21:14,146 final: [5, 3, 3, 5, 8, 10, 11, 9, 23]
2024-09-03 19:21:14,146 lowest index: 2
2024-09-03 19:21:14,146 i: 2
2024-09-03 19:21:14,146 n: 7
2024-09-03 19:21:14,146 before: [5, 3, 3, 5, 8, 10, 11, 9, 23]
2024-09-03 19:21:14,146 first: [5, 3, 3, 5, 8, 10, 11, 9, 23]
2024-09-03 19:21:14,147 final: [5, 3, 3, 5, 8, 10, 11, 9, 23]
2024-09-03 19:21:14,147 lowest index: 1
2024-09-03 19:21:14,147 i: 3
2024-09-03 19:21:14,147 n: 6
2024-09-03 19:21:14,148 before: [5, 3, 3, 5, 8, 10, 11, 9, 23]
2024-09-03 19:21:14,148 first: [5, 5, 3, 5, 8, 10, 11, 9, 23]
2024-09-03 19:21:14,148 final: [5, 5, 3, 5, 8, 10, 11, 9, 23]
2024-09-03 19:21:14,148 lowest index: 2
2024-09-03 19:21:14,148 i: 4
2024-09-03 19:21:14,148 n: 5
2024-09-03 19:21:14,149 before: [5, 5, 3, 5, 8, 10, 11, 9, 23]
2024-09-03 19:21:14,149 first: [5, 5, 8, 5, 8, 10, 11, 9, 23]
2024-09-03 19:21:14,149 final: [5, 5, 8, 5, 8, 10, 11, 9, 23]
2024-09-03 19:21:14,149 lowest index: 0
2024-09-03 19:21:14,149 i: 5
2024-09-03 19:21:14,149 n: 4
2024-09-03 19:21:14,150 before: [5, 5, 8, 5, 8, 10, 11, 9, 23]
2024-09-03 19:21:14,150 first: [10, 5, 8, 5, 8, 10, 11, 9, 23]
2024-09-03 19:21:14,150 final: [10, 5, 8, 5, 8, 10, 11, 9, 23]
2024-09-03 19:21:14,150 lowest index: 1
2024-09-03 19:21:14,151 i: 6
2024-09-03 19:21:14,151 n: 3
2024-09-03 19:21:14,151 before: [10, 5, 8, 5, 8, 10, 11, 9, 23]
2024-09-03 19:21:14,151 first: [10, 11, 8, 5, 8, 10, 11, 9, 23]
2024-09-03 19:21:14,152 final: [10, 11, 8, 5, 8, 10, 11, 9, 23]
2024-09-03 19:21:14,152 lowest index: 7
2024-09-03 19:21:14,152 i: 7
2024-09-03 19:21:14,152 n: 2
2024-09-03 19:21:14,152 before: [10, 11, 8, 5, 8, 10, 11, 9, 23]
2024-09-03 19:21:14,152 first: [10, 11, 8, 5, 8, 10, 11, 9, 23]
2024-09-03 19:21:14,152 final: [10, 11, 8, 5, 8, 10, 11, 9, 23]
2024-09-03 19:21:14,152 lowest index: 0
2024-09-03 19:21:14,152 i: 8
2024-09-03 19:21:14,152 n: 1
2024-09-03 19:21:14,152 before: [10, 11, 8, 5, 8, 10, 11, 9, 23]
2024-09-03 19:21:14,152 first: [23, 11, 8, 5, 8, 10, 11, 9, 23]
2024-09-03 19:21:14,152 final: [23, 11, 8, 5, 8, 10, 11, 9, 23]
